<?xml version="1.0" encoding="UTF-8"?>
<testng-results ignored="0" total="1" passed="1" failed="0" skipped="0">
  <reporter-output>
  </reporter-output>
  <suite started-at="2021-12-10T17:48:33 IST" name="Suite" finished-at="2021-12-10T17:48:33 IST" duration-ms="64">
    <groups>
    </groups>
    <test started-at="2021-12-10T17:48:33 IST" name="Test" finished-at="2021-12-10T17:48:33 IST" duration-ms="64">
      <class name="practice.Demo2Test">
        <test-method signature="demo2Test()[pri:0, instance:practice.Demo2Test@59af0466]" started-at="2021-12-10T17:48:33 IST" name="demo2Test" finished-at="2021-12-10T17:48:33 IST" duration-ms="12" status="PASS">
          <reporter-output>
          </reporter-output>
        </test-method> <!-- demo2Test -->
      </class> <!-- practice.Demo2Test -->
    </test> <!-- Test -->
  </suite> <!-- Suite -->
</testng-results>
