<?xml version="1.0" encoding="UTF-8"?>
<testng-results ignored="0" total="1" passed="1" failed="0" skipped="0">
  <reporter-output>
  </reporter-output>
  <suite started-at="2021-12-13T14:47:30 IST" name="Suite" finished-at="2021-12-13T14:47:30 IST" duration-ms="40">
    <groups>
    </groups>
    <test started-at="2021-12-13T14:47:30 IST" name="Test" finished-at="2021-12-13T14:47:30 IST" duration-ms="40">
      <class name="samplePractice.SampleReadTest">
        <test-method signature="sampleReadTest()[pri:0, instance:samplePractice.SampleReadTest@59af0466]" started-at="2021-12-13T14:47:30 IST" name="sampleReadTest" finished-at="2021-12-13T14:47:30 IST" duration-ms="6" status="PASS">
          <reporter-output>
          </reporter-output>
        </test-method> <!-- sampleReadTest -->
      </class> <!-- samplePractice.SampleReadTest -->
    </test> <!-- Test -->
  </suite> <!-- Suite -->
</testng-results>
